<?xml version="1.0" encoding="UTF-8"?>
<testng-results ignored="0" total="2" passed="2" failed="0" skipped="0">
  <reporter-output>
  </reporter-output>
  <suite started-at="2023-01-23T15:30:26 IST" name="Default suite" finished-at="2023-01-23T15:30:41 IST" duration-ms="14964">
    <groups>
      <group name="cucumber">
        <method signature="AbstractTestNGCucumberTests.runScenario(io.cucumber.testng.PickleWrapper,io.cucumber.testng.FeatureWrapper)[pri:0, instance:runner.Runner_01@2eae8e6e]" name="runScenario" class="io.cucumber.testng.AbstractTestNGCucumberTests"/>
      </group> <!-- cucumber -->
    </groups>
    <test started-at="2023-01-23T15:30:26 IST" name="Default test" finished-at="2023-01-23T15:30:41 IST" duration-ms="14964">
      <class name="runner.Runner_01">
        <test-method is-config="true" signature="setUpClass(org.testng.ITestContext)[pri:0, instance:runner.Runner_01@2eae8e6e]" started-at="2023-01-23T15:30:26 IST" name="setUpClass" finished-at="2023-01-23T15:30:27 IST" duration-ms="726" status="PASS">
          <params>
            <param index="0">
              <value>
                <![CDATA[org.testng.TestRunner@682abca7]]>
              </value>
            </param>
          </params>
          <reporter-output>
          </reporter-output>
        </test-method> <!-- setUpClass -->
        <test-method signature="runScenario(io.cucumber.testng.PickleWrapper,io.cucumber.testng.FeatureWrapper)[pri:0, instance:runner.Runner_01@2eae8e6e]" started-at="2023-01-23T15:30:27 IST" name="runScenario" description="Runs Cucumber Scenarios" data-provider="scenarios" finished-at="2023-01-23T15:30:35 IST" duration-ms="8146" status="PASS">
          <params>
            <param index="0">
              <value>
                <![CDATA["Login to app with valid credientials"]]>
              </value>
            </param>
            <param index="1">
              <value>
                <![CDATA["To test login function"]]>
              </value>
            </param>
          </params>
          <reporter-output>
          </reporter-output>
        </test-method> <!-- runScenario -->
        <test-method signature="runScenario(io.cucumber.testng.PickleWrapper,io.cucumber.testng.FeatureWrapper)[pri:0, instance:runner.Runner_01@2eae8e6e]" started-at="2023-01-23T15:30:35 IST" name="runScenario" description="Runs Cucumber Scenarios" data-provider="scenarios" finished-at="2023-01-23T15:30:41 IST" duration-ms="5972" status="PASS">
          <params>
            <param index="0">
              <value>
                <![CDATA["Login to app with managers credientials"]]>
              </value>
            </param>
            <param index="1">
              <value>
                <![CDATA["To test login function"]]>
              </value>
            </param>
          </params>
          <reporter-output>
          </reporter-output>
        </test-method> <!-- runScenario -->
        <test-method is-config="true" signature="tearDownClass()[pri:0, instance:runner.Runner_01@2eae8e6e]" started-at="2023-01-23T15:30:41 IST" name="tearDownClass" finished-at="2023-01-23T15:30:41 IST" duration-ms="47" status="PASS">
          <reporter-output>
          </reporter-output>
        </test-method> <!-- tearDownClass -->
      </class> <!-- runner.Runner_01 -->
    </test> <!-- Default test -->
  </suite> <!-- Default suite -->
</testng-results>
